
Showing logs for build [32msb1975-pipelineapp-master-relea-crdtj-3[0m stage [32mfrom-build-pack[0m and container [32mcredential-initializer[0m
{"level":"info","ts":1611031410.6794336,"caller":"creds-init/main.go:44","msg":"Credentials initialized."}

Showing logs for build [32msb1975-pipelineapp-master-relea-crdtj-3[0m stage [32mfrom-build-pack[0m and container [32mworking-dir-initializer[0m

Showing logs for build [32msb1975-pipelineapp-master-relea-crdtj-3[0m stage [32mfrom-build-pack[0m and container [32mplace-tools[0m

Showing logs for build [32msb1975-pipelineapp-master-relea-crdtj-3[0m stage [32mfrom-build-pack[0m and container [32mstep-git-source-sb1975-pipelineapp-master-relea-crdtj-9sqs9[0m
{"level":"info","ts":1611031417.6503494,"caller":"git/git.go:105","msg":"Successfully cloned https://github.com/******/pipelineApp.git @ v0.0.3 in path /workspace/source"}
{"level":"warn","ts":1611031417.6504478,"caller":"git/git.go:152","msg":"Unexpected error: creating symlink: symlink /tekton/home/.ssh /root/.ssh: file exists"}
{"level":"info","ts":1611031417.692048,"caller":"git/git.go:133","msg":"Successfully initialized and updated submodules in path /workspace/source"}

Showing logs for build [32msb1975-pipelineapp-master-relea-crdtj-3[0m stage [32mfrom-build-pack[0m and container [32mstep-setup-builder-home[0m

Showing logs for build [32msb1975-pipelineapp-master-relea-crdtj-3[0m stage [32mfrom-build-pack[0m and container [32mstep-git-merge[0m
Using SHAs from PULL_REFS=master:e3b71b4374df0fcff2c09e2ae5f2d073edd9249c
WARNING: no SHAs to merge, falling back to initial cloned commit

Showing logs for build [32msb1975-pipelineapp-master-relea-crdtj-3[0m stage [32mfrom-build-pack[0m and container [32mstep-setup-jx-git-credentials[0m
Generated Git credentials file /tekton/home/git/credentials

Showing logs for build [32msb1975-pipelineapp-master-relea-crdtj-3[0m stage [32mfrom-build-pack[0m and container [32mstep-setup-download-dependencies[0m
downloading dependencies for **

Showing logs for build [32msb1975-pipelineapp-master-relea-crdtj-3[0m stage [32mfrom-build-pack[0m and container [32mstep-setup-set-permissions[0m
running chmod command

Showing logs for build [32msb1975-pipelineapp-master-relea-crdtj-3[0m stage [32mfrom-build-pack[0m and container [32mstep-build-dummy-release[0m
Release

Showing logs for build [32msb1975-pipelineapp-master-relea-crdtj-3[0m stage [32mfrom-build-pack[0m and container [32mstep-build-pre-dummy-release[0m
pre dummy release
